<?xml version="1.0" encoding="UTF-8"?>
<!-- Generated by org.testng.reporters.JUnitReportReporter -->
<testsuite skipped="0" hostname="DESKTOP-65OKV1R" name="files.DynamicJson" tests="3" failures="0" timestamp="11 Aug 2022 17:36:30 GMT" time="10.485" errors="0">
  <testcase name="addBook" time="0.823" classname="files.DynamicJson"/>
  <testcase name="addBook" time="8.463" classname="files.DynamicJson"/>
  <testcase name="addBook" time="1.199" classname="files.DynamicJson"/>
</testsuite> <!-- files.DynamicJson -->
