<?xml version="1.0" encoding="UTF-8"?>
<!-- Generated by org.testng.reporters.JUnitReportReporter -->
<testsuite skipped="0" hostname="DESKTOP-65OKV1R" name="Sumvalidation" tests="1" failures="0" timestamp="02 Sep 2022 17:08:37 GMT" time="4.781" errors="0">
  <testcase name="SumofCourses" time="4.781" classname="Sumvalidation"/>
</testsuite> <!-- Sumvalidation -->
